{"/Users/naveenavaira/Documents/assessment/game.js": {"path":"/Users/naveenavaira/Documents/assessment/game.js","statementMap":{"0":{"start":{"line":8,"column":4},"end":{"line":8,"column":17}},"1":{"start":{"line":9,"column":4},"end":{"line":9,"column":51}},"2":{"start":{"line":10,"column":4},"end":{"line":10,"column":49}},"3":{"start":{"line":12,"column":14},"end":{"line":12,"column":16}},"4":{"start":{"line":13,"column":4},"end":{"line":16,"column":5}},"5":{"start":{"line":14,"column":16},"end":{"line":14,"column":51}},"6":{"start":{"line":15,"column":8},"end":{"line":15,"column":46}},"7":{"start":{"line":15,"column":34},"end":{"line":15,"column":46}},"8":{"start":{"line":18,"column":16},"end":{"line":22,"column":6}},"9":{"start":{"line":19,"column":16},"end":{"line":19,"column":18}},"10":{"start":{"line":20,"column":6},"end":{"line":20,"column":24}},"11":{"start":{"line":21,"column":6},"end":{"line":21,"column":16}},"12":{"start":{"line":24,"column":16},"end":{"line":24,"column":49}},"13":{"start":{"line":26,"column":4},"end":{"line":26,"column":37}},"14":{"start":{"line":27,"column":4},"end":{"line":31,"column":7}},"15":{"start":{"line":28,"column":15},"end":{"line":28,"column":54}},"16":{"start":{"line":29,"column":6},"end":{"line":29,"column":18}},"17":{"start":{"line":30,"column":6},"end":{"line":30,"column":26}},"18":{"start":{"line":33,"column":4},"end":{"line":33,"column":38}},"19":{"start":{"line":34,"column":4},"end":{"line":39,"column":5}},"20":{"start":{"line":45,"column":4},"end":{"line":57,"column":6}},"21":{"start":{"line":62,"column":14},"end":{"line":62,"column":16}},"22":{"start":{"line":63,"column":4},"end":{"line":66,"column":5}},"23":{"start":{"line":64,"column":16},"end":{"line":64,"column":51}},"24":{"start":{"line":65,"column":8},"end":{"line":65,"column":46}},"25":{"start":{"line":65,"column":34},"end":{"line":65,"column":46}},"26":{"start":{"line":67,"column":16},"end":{"line":71,"column":6}},"27":{"start":{"line":68,"column":16},"end":{"line":68,"column":18}},"28":{"start":{"line":69,"column":6},"end":{"line":69,"column":24}},"29":{"start":{"line":70,"column":6},"end":{"line":70,"column":16}},"30":{"start":{"line":73,"column":16},"end":{"line":73,"column":49}},"31":{"start":{"line":75,"column":4},"end":{"line":75,"column":37}},"32":{"start":{"line":76,"column":4},"end":{"line":80,"column":7}},"33":{"start":{"line":77,"column":15},"end":{"line":77,"column":54}},"34":{"start":{"line":78,"column":6},"end":{"line":78,"column":18}},"35":{"start":{"line":79,"column":6},"end":{"line":79,"column":26}},"36":{"start":{"line":82,"column":4},"end":{"line":82,"column":38}},"37":{"start":{"line":83,"column":4},"end":{"line":88,"column":7}},"38":{"start":{"line":94,"column":19},"end":{"line":94,"column":56}},"39":{"start":{"line":95,"column":4},"end":{"line":101,"column":7}},"40":{"start":{"line":96,"column":6},"end":{"line":100,"column":8}},"41":{"start":{"line":107,"column":4},"end":{"line":116,"column":7}},"42":{"start":{"line":108,"column":6},"end":{"line":115,"column":8}},"43":{"start":{"line":121,"column":25},"end":{"line":121,"column":50}},"44":{"start":{"line":122,"column":28},"end":{"line":122,"column":56}},"45":{"start":{"line":123,"column":15},"end":{"line":123,"column":30}},"46":{"start":{"line":125,"column":16},"end":{"line":127,"column":6}},"47":{"start":{"line":126,"column":6},"end":{"line":126,"column":27}},"48":{"start":{"line":129,"column":16},"end":{"line":129,"column":32}},"49":{"start":{"line":131,"column":4},"end":{"line":165,"column":5}},"50":{"start":{"line":133,"column":6},"end":{"line":133,"column":34}},"51":{"start":{"line":135,"column":6},"end":{"line":138,"column":9}},"52":{"start":{"line":140,"column":6},"end":{"line":158,"column":7}},"53":{"start":{"line":141,"column":8},"end":{"line":141,"column":18}},"54":{"start":{"line":142,"column":8},"end":{"line":142,"column":35}},"55":{"start":{"line":143,"column":8},"end":{"line":155,"column":9}},"56":{"start":{"line":144,"column":10},"end":{"line":144,"column":51}},"57":{"start":{"line":147,"column":10},"end":{"line":147,"column":60}},"58":{"start":{"line":149,"column":10},"end":{"line":154,"column":18}},"59":{"start":{"line":150,"column":12},"end":{"line":150,"column":41}},"60":{"start":{"line":151,"column":12},"end":{"line":153,"column":15}},"61":{"start":{"line":157,"column":8},"end":{"line":157,"column":31}},"62":{"start":{"line":160,"column":6},"end":{"line":163,"column":9}},"63":{"start":{"line":166,"column":11},"end":{"line":166,"column":48}},"64":{"start":{"line":166,"column":33},"end":{"line":166,"column":47}},"65":{"start":{"line":167,"column":3},"end":{"line":169,"column":4}},"66":{"start":{"line":168,"column":4},"end":{"line":168,"column":72}},"67":{"start":{"line":175,"column":21},"end":{"line":175,"column":23}},"68":{"start":{"line":176,"column":19},"end":{"line":176,"column":21}},"69":{"start":{"line":177,"column":16},"end":{"line":177,"column":17}},"70":{"start":{"line":178,"column":4},"end":{"line":186,"column":7}},"71":{"start":{"line":179,"column":6},"end":{"line":179,"column":17}},"72":{"start":{"line":180,"column":6},"end":{"line":180,"column":26}},"73":{"start":{"line":181,"column":6},"end":{"line":185,"column":7}},"74":{"start":{"line":182,"column":8},"end":{"line":182,"column":33}},"75":{"start":{"line":183,"column":8},"end":{"line":183,"column":18}},"76":{"start":{"line":184,"column":8},"end":{"line":184,"column":22}},"77":{"start":{"line":188,"column":4},"end":{"line":188,"column":22}},"78":{"start":{"line":193,"column":15},"end":{"line":208,"column":2}}},"fnMap":{"0":{"name":"(anonymous_0)","decl":{"start":{"line":7,"column":2},"end":{"line":7,"column":3}},"loc":{"start":{"line":7,"column":21},"end":{"line":41,"column":3}},"line":7},"1":{"name":"(anonymous_1)","decl":{"start":{"line":18,"column":24},"end":{"line":18,"column":25}},"loc":{"start":{"line":18,"column":38},"end":{"line":22,"column":5}},"line":18},"2":{"name":"(anonymous_2)","decl":{"start":{"line":27,"column":19},"end":{"line":27,"column":20}},"loc":{"start":{"line":27,"column":28},"end":{"line":31,"column":5}},"line":27},"3":{"name":"(anonymous_3)","decl":{"start":{"line":44,"column":2},"end":{"line":44,"column":3}},"loc":{"start":{"line":44,"column":11},"end":{"line":58,"column":3}},"line":44},"4":{"name":"(anonymous_4)","decl":{"start":{"line":61,"column":2},"end":{"line":61,"column":3}},"loc":{"start":{"line":61,"column":15},"end":{"line":89,"column":3}},"line":61},"5":{"name":"(anonymous_5)","decl":{"start":{"line":67,"column":24},"end":{"line":67,"column":25}},"loc":{"start":{"line":67,"column":38},"end":{"line":71,"column":5}},"line":67},"6":{"name":"(anonymous_6)","decl":{"start":{"line":76,"column":19},"end":{"line":76,"column":20}},"loc":{"start":{"line":76,"column":28},"end":{"line":80,"column":5}},"line":76},"7":{"name":"(anonymous_7)","decl":{"start":{"line":92,"column":2},"end":{"line":92,"column":3}},"loc":{"start":{"line":92,"column":15},"end":{"line":103,"column":3}},"line":92},"8":{"name":"(anonymous_8)","decl":{"start":{"line":95,"column":24},"end":{"line":95,"column":25}},"loc":{"start":{"line":95,"column":42},"end":{"line":101,"column":5}},"line":95},"9":{"name":"(anonymous_9)","decl":{"start":{"line":106,"column":2},"end":{"line":106,"column":3}},"loc":{"start":{"line":106,"column":21},"end":{"line":117,"column":3}},"line":106},"10":{"name":"(anonymous_10)","decl":{"start":{"line":107,"column":21},"end":{"line":107,"column":22}},"loc":{"start":{"line":107,"column":38},"end":{"line":116,"column":5}},"line":107},"11":{"name":"(anonymous_11)","decl":{"start":{"line":120,"column":2},"end":{"line":120,"column":3}},"loc":{"start":{"line":120,"column":16},"end":{"line":171,"column":3}},"line":120},"12":{"name":"(anonymous_12)","decl":{"start":{"line":125,"column":43},"end":{"line":125,"column":44}},"loc":{"start":{"line":125,"column":53},"end":{"line":127,"column":5}},"line":125},"13":{"name":"(anonymous_13)","decl":{"start":{"line":149,"column":21},"end":{"line":149,"column":22}},"loc":{"start":{"line":149,"column":27},"end":{"line":154,"column":11}},"line":149},"14":{"name":"(anonymous_14)","decl":{"start":{"line":166,"column":23},"end":{"line":166,"column":24}},"loc":{"start":{"line":166,"column":33},"end":{"line":166,"column":47}},"line":166},"15":{"name":"(anonymous_15)","decl":{"start":{"line":174,"column":2},"end":{"line":174,"column":3}},"loc":{"start":{"line":174,"column":24},"end":{"line":189,"column":3}},"line":174},"16":{"name":"(anonymous_16)","decl":{"start":{"line":178,"column":18},"end":{"line":178,"column":19}},"loc":{"start":{"line":178,"column":28},"end":{"line":186,"column":5}},"line":178}},"branchMap":{"0":{"loc":{"start":{"line":15,"column":8},"end":{"line":15,"column":46}},"type":"if","locations":[{"start":{"line":15,"column":8},"end":{"line":15,"column":46}},{"start":{"line":15,"column":8},"end":{"line":15,"column":46}}],"line":15},"1":{"loc":{"start":{"line":65,"column":8},"end":{"line":65,"column":46}},"type":"if","locations":[{"start":{"line":65,"column":8},"end":{"line":65,"column":46}},{"start":{"line":65,"column":8},"end":{"line":65,"column":46}}],"line":65},"2":{"loc":{"start":{"line":131,"column":4},"end":{"line":165,"column":5}},"type":"if","locations":[{"start":{"line":131,"column":4},"end":{"line":165,"column":5}},{"start":{"line":131,"column":4},"end":{"line":165,"column":5}}],"line":131},"3":{"loc":{"start":{"line":131,"column":7},"end":{"line":131,"column":90}},"type":"binary-expr","locations":[{"start":{"line":131,"column":7},"end":{"line":131,"column":36}},{"start":{"line":131,"column":40},"end":{"line":131,"column":90}}],"line":131},"4":{"loc":{"start":{"line":140,"column":6},"end":{"line":158,"column":7}},"type":"if","locations":[{"start":{"line":140,"column":6},"end":{"line":158,"column":7}},{"start":{"line":140,"column":6},"end":{"line":158,"column":7}}],"line":140},"5":{"loc":{"start":{"line":143,"column":8},"end":{"line":155,"column":9}},"type":"if","locations":[{"start":{"line":143,"column":8},"end":{"line":155,"column":9}},{"start":{"line":143,"column":8},"end":{"line":155,"column":9}}],"line":143},"6":{"loc":{"start":{"line":167,"column":3},"end":{"line":169,"column":4}},"type":"if","locations":[{"start":{"line":167,"column":3},"end":{"line":169,"column":4}},{"start":{"line":167,"column":3},"end":{"line":169,"column":4}}],"line":167},"7":{"loc":{"start":{"line":181,"column":6},"end":{"line":185,"column":7}},"type":"if","locations":[{"start":{"line":181,"column":6},"end":{"line":185,"column":7}},{"start":{"line":181,"column":6},"end":{"line":185,"column":7}}],"line":181}},"s":{"0":1,"1":1,"2":1,"3":1,"4":1,"5":6,"6":6,"7":6,"8":1,"9":6,"10":6,"11":6,"12":1,"13":1,"14":1,"15":12,"16":12,"17":12,"18":1,"19":0,"20":0,"21":0,"22":0,"23":0,"24":0,"25":0,"26":0,"27":0,"28":0,"29":0,"30":0,"31":0,"32":0,"33":0,"34":0,"35":0,"36":0,"37":0,"38":0,"39":0,"40":0,"41":0,"42":0,"43":0,"44":0,"45":0,"46":0,"47":0,"48":0,"49":0,"50":0,"51":0,"52":0,"53":0,"54":0,"55":0,"56":0,"57":0,"58":0,"59":0,"60":0,"61":0,"62":0,"63":0,"64":0,"65":0,"66":0,"67":0,"68":0,"69":0,"70":0,"71":0,"72":0,"73":0,"74":0,"75":0,"76":0,"77":0,"78":1},"f":{"0":1,"1":6,"2":12,"3":0,"4":0,"5":0,"6":0,"7":0,"8":0,"9":0,"10":0,"11":0,"12":0,"13":0,"14":0,"15":0,"16":0},"b":{"0":[6,0],"1":[0,0],"2":[0,0],"3":[0,0],"4":[0,0],"5":[0,0],"6":[0,0],"7":[0,0]},"_coverageSchema":"1a1c01bbd47fc00a2c39e90264f33305004495a9","hash":"17a55e017faca3122e81bb935144b5fb5ae58326"}
,"/Users/naveenavaira/Documents/assessment/components/Card.js": {"path":"/Users/naveenavaira/Documents/assessment/components/Card.js","statementMap":{"0":{"start":{"line":6,"column":18},"end":{"line":6,"column":21}},"1":{"start":{"line":8,"column":2},"end":{"line":10,"column":3}},"2":{"start":{"line":9,"column":3},"end":{"line":9,"column":28}},"3":{"start":{"line":12,"column":2},"end":{"line":19,"column":4}},"4":{"start":{"line":27,"column":15},"end":{"line":58,"column":2}}},"fnMap":{"0":{"name":"Game","decl":{"start":{"line":4,"column":9},"end":{"line":4,"column":13}},"loc":{"start":{"line":4,"column":21},"end":{"line":24,"column":1}},"line":4}},"branchMap":{"0":{"loc":{"start":{"line":8,"column":2},"end":{"line":10,"column":3}},"type":"if","locations":[{"start":{"line":8,"column":2},"end":{"line":10,"column":3}},{"start":{"line":8,"column":2},"end":{"line":10,"column":3}}],"line":8},"1":{"loc":{"start":{"line":15,"column":5},"end":{"line":16,"column":101}},"type":"cond-expr","locations":[{"start":{"line":15,"column":19},"end":{"line":15,"column":117}},{"start":{"line":16,"column":4},"end":{"line":16,"column":101}}],"line":15}},"s":{"0":1,"1":1,"2":0,"3":1,"4":2},"f":{"0":1},"b":{"0":[0,1],"1":[0,1]},"_coverageSchema":"1a1c01bbd47fc00a2c39e90264f33305004495a9","hash":"b18c6f7d61d880b0efe85cf8727e746ec153e2ae"}
}
