TN:
SF:game.js
FN:7,(anonymous_0)
FN:18,(anonymous_1)
FN:27,(anonymous_2)
FN:44,(anonymous_3)
FN:61,(anonymous_4)
FN:67,(anonymous_5)
FN:76,(anonymous_6)
FN:92,(anonymous_7)
FN:95,(anonymous_8)
FN:106,(anonymous_9)
FN:107,(anonymous_10)
FN:120,(anonymous_11)
FN:125,(anonymous_12)
FN:149,(anonymous_13)
FN:166,(anonymous_14)
FN:174,(anonymous_15)
FN:178,(anonymous_16)
FNF:17
FNH:3
FNDA:1,(anonymous_0)
FNDA:6,(anonymous_1)
FNDA:12,(anonymous_2)
FNDA:0,(anonymous_3)
FNDA:0,(anonymous_4)
FNDA:0,(anonymous_5)
FNDA:0,(anonymous_6)
FNDA:0,(anonymous_7)
FNDA:0,(anonymous_8)
FNDA:0,(anonymous_9)
FNDA:0,(anonymous_10)
FNDA:0,(anonymous_11)
FNDA:0,(anonymous_12)
FNDA:0,(anonymous_13)
FNDA:0,(anonymous_14)
FNDA:0,(anonymous_15)
FNDA:0,(anonymous_16)
DA:8,1
DA:9,1
DA:10,1
DA:12,1
DA:13,1
DA:14,6
DA:15,6
DA:18,1
DA:19,6
DA:20,6
DA:21,6
DA:24,1
DA:26,1
DA:27,1
DA:28,12
DA:29,12
DA:30,12
DA:33,1
DA:34,0
DA:45,0
DA:62,0
DA:63,0
DA:64,0
DA:65,0
DA:67,0
DA:68,0
DA:69,0
DA:70,0
DA:73,0
DA:75,0
DA:76,0
DA:77,0
DA:78,0
DA:79,0
DA:82,0
DA:83,0
DA:94,0
DA:95,0
DA:96,0
DA:107,0
DA:108,0
DA:121,0
DA:122,0
DA:123,0
DA:125,0
DA:126,0
DA:129,0
DA:131,0
DA:133,0
DA:135,0
DA:140,0
DA:141,0
DA:142,0
DA:143,0
DA:144,0
DA:147,0
DA:149,0
DA:150,0
DA:151,0
DA:157,0
DA:160,0
DA:166,0
DA:167,0
DA:168,0
DA:175,0
DA:176,0
DA:177,0
DA:178,0
DA:179,0
DA:180,0
DA:181,0
DA:182,0
DA:183,0
DA:184,0
DA:188,0
DA:193,1
LF:76
LH:19
BRDA:15,0,0,6
BRDA:15,0,1,0
BRDA:65,1,0,0
BRDA:65,1,1,0
BRDA:131,2,0,0
BRDA:131,2,1,0
BRDA:131,3,0,0
BRDA:131,3,1,0
BRDA:140,4,0,0
BRDA:140,4,1,0
BRDA:143,5,0,0
BRDA:143,5,1,0
BRDA:167,6,0,0
BRDA:167,6,1,0
BRDA:181,7,0,0
BRDA:181,7,1,0
BRF:16
BRH:1
end_of_record
TN:
SF:components/Card.js
FN:4,Game
FNF:1
FNH:1
FNDA:1,Game
DA:6,1
DA:8,1
DA:9,0
DA:12,1
DA:27,2
LF:5
LH:4
BRDA:8,0,0,0
BRDA:8,0,1,1
BRDA:15,1,0,0
BRDA:15,1,1,1
BRF:4
BRH:2
end_of_record
